<html>
<head>
<title>TestNG:  Default test</title>
<link href="../testng.css" rel="stylesheet" type="text/css" />
<link href="../my-testng.css" rel="stylesheet" type="text/css" />

<style type="text/css">
.log { display: none;} 
.stack-trace { display: none;} 
</style>
<script type="text/javascript">
<!--
function flip(e) {
  current = e.style.display;
  if (current == 'block') {
    e.style.display = 'none';
    return 0;
  }
  else {
    e.style.display = 'block';
    return 1;
  }
}

function toggleBox(szDivId, elem, msg1, msg2)
{
  var res = -1;  if (document.getElementById) {
    res = flip(document.getElementById(szDivId));
  }
  else if (document.all) {
    // this is the way old msie versions work
    res = flip(document.all[szDivId]);
  }
  if(elem) {
    if(res == 0) elem.innerHTML = msg1; else elem.innerHTML = msg2;
  }

}

function toggleAllBoxes() {
  if (document.getElementsByTagName) {
    d = document.getElementsByTagName('div');
    for (i = 0; i < d.length; i++) {
      if (d[i].className == 'log') {
        flip(d[i]);
      }
    }
  }
}

// -->
</script>

</head>
<body>
<h2 align='center'>Default test</h2><table border='1' align="center">
<tr>
<td>Tests passed/Failed/Skipped:</td><td>0/7/0</td>
</tr><tr>
<td>Started on:</td><td>Sat Feb 27 17:02:01 IST 2021</td>
</tr>
<tr><td>Total time:</td><td>2 seconds (2793 ms)</td>
</tr><tr>
<td>Included groups:</td><td></td>
</tr><tr>
<td>Excluded groups:</td><td></td>
</tr>
</table><p/>
<small><i>(Hover the method name to see the test class name)</i></small><p/>
<table width='100%' border='1' class='invocation-failed'>
<tr><td colspan='4' align='center'><b>FAILED TESTS</b></td></tr>
<tr><td><b>Test method</b></td>
<td width="30%"><b>Exception</b></td>
<td width="10%"><b>Time (seconds)</b></td>
<td><b>Instance</b></td>
</tr>
<tr>
<td title='runner.RunFeature.runScenario()'><b>runScenario</b><br>Test class: runner.RunFeature<br>Test method: Runs Cucumber Scenarios<br>Parameters: "TC001 VerifySuccessfullOrderPlacement", "Optional[Verify Th? du monde store and its commercial site]"</td>
<td><div><pre>io.cucumber.java.PendingException: TODO: implement me
	at step.StepDefinition.launch_the_browser(StepDefinition.java:10)
	at ?.Launch the Browser(file:///E:/Test%20Leaf/Eclipse/SeleniumTesting/InterviewPractises/src/test/java/feature/Thedumonde.feature:4)
</pre></div><a href='#' onClick='toggleBox("stack-trace2072724423", this, "Click to show all stack frames", "Click to hide stack frames")'>Click to show all stack frames</a>
<div class='stack-trace' id='stack-trace2072724423'><pre>io.cucumber.java.PendingException: TODO: implement me
	at step.StepDefinition.launch_the_browser(StepDefinition.java:10)
	at ?.Launch the Browser(file:///E:/Test%20Leaf/Eclipse/SeleniumTesting/InterviewPractises/src/test/java/feature/Thedumonde.feature:4)
</pre></div></td>
<td>0</td>
<td>runner.RunFeature@757942a1</td></tr>
<tr>
<td title='runner.RunFeature.runScenario()'><b>runScenario</b><br>Test class: runner.RunFeature<br>Test method: Runs Cucumber Scenarios<br>Parameters: "TC002 VerifyLoginFailure", "Optional[Verify Th? du monde store and its commercial site]"</td>
<td><div><pre>io.cucumber.java.PendingException: TODO: implement me
	at step.StepDefinition.launch_the_browser(StepDefinition.java:10)
	at ?.Launch the Browser(file:///E:/Test%20Leaf/Eclipse/SeleniumTesting/InterviewPractises/src/test/java/feature/Thedumonde.feature:4)
</pre></div><a href='#' onClick='toggleBox("stack-trace1153907750", this, "Click to show all stack frames", "Click to hide stack frames")'>Click to show all stack frames</a>
<div class='stack-trace' id='stack-trace1153907750'><pre>io.cucumber.java.PendingException: TODO: implement me
	at step.StepDefinition.launch_the_browser(StepDefinition.java:10)
	at ?.Launch the Browser(file:///E:/Test%20Leaf/Eclipse/SeleniumTesting/InterviewPractises/src/test/java/feature/Thedumonde.feature:4)
</pre></div></td>
<td>0</td>
<td>runner.RunFeature@757942a1</td></tr>
<tr>
<td title='runner.RunFeature.runScenario()'><b>runScenario</b><br>Test class: runner.RunFeature<br>Test method: Runs Cucumber Scenarios<br>Parameters: "TC003 NewTestUserAccountCreation", "Optional[Verify Th? du monde store and its commercial site]"</td>
<td><div><pre>io.cucumber.java.PendingException: TODO: implement me
	at step.StepDefinition.launch_the_browser(StepDefinition.java:10)
	at ?.Launch the Browser(file:///E:/Test%20Leaf/Eclipse/SeleniumTesting/InterviewPractises/src/test/java/feature/Thedumonde.feature:4)
</pre></div><a href='#' onClick='toggleBox("stack-trace1622458036", this, "Click to show all stack frames", "Click to hide stack frames")'>Click to show all stack frames</a>
<div class='stack-trace' id='stack-trace1622458036'><pre>io.cucumber.java.PendingException: TODO: implement me
	at step.StepDefinition.launch_the_browser(StepDefinition.java:10)
	at ?.Launch the Browser(file:///E:/Test%20Leaf/Eclipse/SeleniumTesting/InterviewPractises/src/test/java/feature/Thedumonde.feature:4)
</pre></div></td>
<td>0</td>
<td>runner.RunFeature@757942a1</td></tr>
<tr>
<td title='runner.RunFeature.runScenario()'><b>runScenario</b><br>Test class: runner.RunFeature<br>Test method: Runs Cucumber Scenarios<br>Parameters: "TC004 VerifyUnSuccessfullOrderPlacementDueToBadAddress", "Optional[Verify Th? du monde store and its commercial site]"</td>
<td><div><pre>io.cucumber.java.PendingException: TODO: implement me
	at step.StepDefinition.launch_the_browser(StepDefinition.java:10)
	at ?.Launch the Browser(file:///E:/Test%20Leaf/Eclipse/SeleniumTesting/InterviewPractises/src/test/java/feature/Thedumonde.feature:4)
</pre></div><a href='#' onClick='toggleBox("stack-trace34871826", this, "Click to show all stack frames", "Click to hide stack frames")'>Click to show all stack frames</a>
<div class='stack-trace' id='stack-trace34871826'><pre>io.cucumber.java.PendingException: TODO: implement me
	at step.StepDefinition.launch_the_browser(StepDefinition.java:10)
	at ?.Launch the Browser(file:///E:/Test%20Leaf/Eclipse/SeleniumTesting/InterviewPractises/src/test/java/feature/Thedumonde.feature:4)
</pre></div></td>
<td>0</td>
<td>runner.RunFeature@757942a1</td></tr>
<tr>
<td title='runner.RunFeature.runScenario()'><b>runScenario</b><br>Test class: runner.RunFeature<br>Test method: Runs Cucumber Scenarios<br>Parameters: "TC005 VerifySuccessfullOrderPlacementByValidAddress", "Optional[Verify Th? du monde store and its commercial site]"</td>
<td><div><pre>io.cucumber.java.PendingException: TODO: implement me
	at step.StepDefinition.launch_the_browser(StepDefinition.java:10)
	at ?.Launch the Browser(file:///E:/Test%20Leaf/Eclipse/SeleniumTesting/InterviewPractises/src/test/java/feature/Thedumonde.feature:4)
</pre></div><a href='#' onClick='toggleBox("stack-trace68326648", this, "Click to show all stack frames", "Click to hide stack frames")'>Click to show all stack frames</a>
<div class='stack-trace' id='stack-trace68326648'><pre>io.cucumber.java.PendingException: TODO: implement me
	at step.StepDefinition.launch_the_browser(StepDefinition.java:10)
	at ?.Launch the Browser(file:///E:/Test%20Leaf/Eclipse/SeleniumTesting/InterviewPractises/src/test/java/feature/Thedumonde.feature:4)
</pre></div></td>
<td>0</td>
<td>runner.RunFeature@757942a1</td></tr>
<tr>
<td title='runner.RunFeature.runScenario()'><b>runScenario</b><br>Test class: runner.RunFeature<br>Test method: Runs Cucumber Scenarios<br>Parameters: "TC006 CloseBrowserOrderCancelVerification", "Optional[Verify Th? du monde store and its commercial site]"</td>
<td><div><pre>io.cucumber.java.PendingException: TODO: implement me
	at step.StepDefinition.launch_the_browser(StepDefinition.java:10)
	at ?.Launch the Browser(file:///E:/Test%20Leaf/Eclipse/SeleniumTesting/InterviewPractises/src/test/java/feature/Thedumonde.feature:4)
</pre></div><a href='#' onClick='toggleBox("stack-trace541285440", this, "Click to show all stack frames", "Click to hide stack frames")'>Click to show all stack frames</a>
<div class='stack-trace' id='stack-trace541285440'><pre>io.cucumber.java.PendingException: TODO: implement me
	at step.StepDefinition.launch_the_browser(StepDefinition.java:10)
	at ?.Launch the Browser(file:///E:/Test%20Leaf/Eclipse/SeleniumTesting/InterviewPractises/src/test/java/feature/Thedumonde.feature:4)
</pre></div></td>
<td>0</td>
<td>runner.RunFeature@757942a1</td></tr>
<tr>
<td title='runner.RunFeature.runScenario()'><b>runScenario</b><br>Test class: runner.RunFeature<br>Test method: Runs Cucumber Scenarios<br>Parameters: "TC007 CancelOrderClickingCancelButton", "Optional[Verify Th? du monde store and its commercial site]"</td>
<td><div><pre>io.cucumber.java.PendingException: TODO: implement me
	at step.StepDefinition.launch_the_browser(StepDefinition.java:10)
	at ?.Launch the Browser(file:///E:/Test%20Leaf/Eclipse/SeleniumTesting/InterviewPractises/src/test/java/feature/Thedumonde.feature:4)
</pre></div><a href='#' onClick='toggleBox("stack-trace1201466784", this, "Click to show all stack frames", "Click to hide stack frames")'>Click to show all stack frames</a>
<div class='stack-trace' id='stack-trace1201466784'><pre>io.cucumber.java.PendingException: TODO: implement me
	at step.StepDefinition.launch_the_browser(StepDefinition.java:10)
	at ?.Launch the Browser(file:///E:/Test%20Leaf/Eclipse/SeleniumTesting/InterviewPractises/src/test/java/feature/Thedumonde.feature:4)
</pre></div></td>
<td>0</td>
<td>runner.RunFeature@757942a1</td></tr>
</table><p>
</body>
</html>