<?xml version="1.0" encoding="UTF-8"?>
<!-- Generated by org.testng.reporters.JUnitReportReporter -->
<testsuite skipped="0" hostname="DESKTOP-M3E2BR1" name="runner.RunFeature" tests="7" failures="0" timestamp="2021-02-27T17:02:03 IST" time="0.216" errors="7">
  <testcase name="runScenario" time="0.010" classname="runner.RunFeature">
    <error type="io.cucumber.java.PendingException" message="TODO: implement me">
      <![CDATA[io.cucumber.java.PendingException: TODO: implement me
at step.StepDefinition.launch_the_browser(StepDefinition.java:10)
at ✽.Launch the Browser(file:///E:/Test%20Leaf/Eclipse/SeleniumTesting/InterviewPractises/src/test/java/feature/Thedumonde.feature:4)
]]>
    </error>
  </testcase> <!-- runScenario -->
  <system-out/>
  <testcase name="runScenario" time="0.009" classname="runner.RunFeature">
    <error type="io.cucumber.java.PendingException" message="TODO: implement me">
      <![CDATA[io.cucumber.java.PendingException: TODO: implement me
at step.StepDefinition.launch_the_browser(StepDefinition.java:10)
at ✽.Launch the Browser(file:///E:/Test%20Leaf/Eclipse/SeleniumTesting/InterviewPractises/src/test/java/feature/Thedumonde.feature:4)
]]>
    </error>
  </testcase> <!-- runScenario -->
  <system-out/>
  <testcase name="runScenario" time="0.018" classname="runner.RunFeature">
    <error type="io.cucumber.java.PendingException" message="TODO: implement me">
      <![CDATA[io.cucumber.java.PendingException: TODO: implement me
at step.StepDefinition.launch_the_browser(StepDefinition.java:10)
at ✽.Launch the Browser(file:///E:/Test%20Leaf/Eclipse/SeleniumTesting/InterviewPractises/src/test/java/feature/Thedumonde.feature:4)
]]>
    </error>
  </testcase> <!-- runScenario -->
  <system-out/>
  <testcase name="runScenario" time="0.011" classname="runner.RunFeature">
    <error type="io.cucumber.java.PendingException" message="TODO: implement me">
      <![CDATA[io.cucumber.java.PendingException: TODO: implement me
at step.StepDefinition.launch_the_browser(StepDefinition.java:10)
at ✽.Launch the Browser(file:///E:/Test%20Leaf/Eclipse/SeleniumTesting/InterviewPractises/src/test/java/feature/Thedumonde.feature:4)
]]>
    </error>
  </testcase> <!-- runScenario -->
  <system-out/>
  <testcase name="runScenario" time="0.011" classname="runner.RunFeature">
    <error type="io.cucumber.java.PendingException" message="TODO: implement me">
      <![CDATA[io.cucumber.java.PendingException: TODO: implement me
at step.StepDefinition.launch_the_browser(StepDefinition.java:10)
at ✽.Launch the Browser(file:///E:/Test%20Leaf/Eclipse/SeleniumTesting/InterviewPractises/src/test/java/feature/Thedumonde.feature:4)
]]>
    </error>
  </testcase> <!-- runScenario -->
  <system-out/>
  <testcase name="runScenario" time="0.150" classname="runner.RunFeature">
    <error type="io.cucumber.java.PendingException" message="TODO: implement me">
      <![CDATA[io.cucumber.java.PendingException: TODO: implement me
at step.StepDefinition.launch_the_browser(StepDefinition.java:10)
at ✽.Launch the Browser(file:///E:/Test%20Leaf/Eclipse/SeleniumTesting/InterviewPractises/src/test/java/feature/Thedumonde.feature:4)
]]>
    </error>
  </testcase> <!-- runScenario -->
  <system-out/>
  <testcase name="runScenario" time="0.007" classname="runner.RunFeature">
    <error type="io.cucumber.java.PendingException" message="TODO: implement me">
      <![CDATA[io.cucumber.java.PendingException: TODO: implement me
at step.StepDefinition.launch_the_browser(StepDefinition.java:10)
at ✽.Launch the Browser(file:///E:/Test%20Leaf/Eclipse/SeleniumTesting/InterviewPractises/src/test/java/feature/Thedumonde.feature:4)
]]>
    </error>
  </testcase> <!-- runScenario -->
  <system-out/>
</testsuite> <!-- runner.RunFeature -->
